<?xml version="1.0" encoding="UTF-8"?>
<robot generator="Robot 4.1.3 (Python 3.10.1 on win32)" generated="20220227 19:27:54.642" rpa="false" schemaversion="2">
<suite id="s1" name="Projeto Robot Qa Ninja" source="C:\workspace\projeto_robot_qa_ninja">
<suite id="s1-s1" name="Cases" source="C:\workspace\projeto_robot_qa_ninja\cases">
<suite id="s1-s1-s1" name="Login" source="C:\workspace\projeto_robot_qa_ninja\cases\login.robot">
<kw name="Abrir Navegador" library="base" type="SETUP">
<kw name="New Browser" library="Browser">
<arg>chromium</arg>
<arg>false</arg>
<tag>BrowserControl</tag>
<tag>Setter</tag>
<doc>Create a new playwright Browser with specified options.</doc>
<msg timestamp="20220227 19:27:56.063" level="INFO">{"browser": "chromium", "headless": false, "handleSIGINT": true, "handleSIGTERM": true, "handleSIGHUP": true, "timeout": 30000.0, "devtools": false, "slowMo": 0.0, "tracesDir": "C:\\workspace\\projeto_robot_qa_ninja\\logs\\browser\\traces\\ccd04113-43b7-40e0-807c-58e2d4b3d862"}</msg>
<msg timestamp="20220227 19:27:58.131" level="INFO">Successfully created browser with options: {"browser":"chromium","headless":false,"handleSIGINT":true,"handleSIGTERM":true,"handleSIGHUP":true,"timeout":30000,"devtools":false,"slowMo":0,"tracesDir":"C:\\workspace\\projeto_robot_qa_ninja\\logs\\browser\\traces\\ccd04113-43b7-40e0-807c-58e2d4b3d862"}</msg>
<status status="PASS" starttime="20220227 19:27:56.061" endtime="20220227 19:27:58.131"/>
</kw>
<kw name="New Page" library="Browser">
<arg>about:blank</arg>
<tag>BrowserControl</tag>
<tag>Setter</tag>
<doc>Open a new Page.</doc>
<msg timestamp="20220227 19:27:59.032" level="INFO">Successfully initialized new page object and opened url: about:blank</msg>
<msg timestamp="20220227 19:27:59.032" level="INFO">No context was open. New context was automatically opened when this page is created.</msg>
<status status="PASS" starttime="20220227 19:27:58.132" endtime="20220227 19:27:59.034"/>
</kw>
<status status="PASS" starttime="20220227 19:27:56.060" endtime="20220227 19:27:59.035"/>
</kw>
<test id="s1-s1-s1-t1" name="Login com Senha Incorreta">
<kw name="Go To Login" library="actionsLogin">
<kw name="Go To" library="Browser">
<arg>https://body-test-web-leidiane.herokuapp.com/</arg>
<tag>BrowserControl</tag>
<tag>Setter</tag>
<doc>Navigates to the given ``url``.</doc>
<msg timestamp="20220227 19:28:01.338" level="INFO">Successfully opened URL https://body-test-web-leidiane.herokuapp.com/</msg>
<status status="PASS" starttime="20220227 19:27:59.065" endtime="20220227 19:28:01.338"/>
</kw>
<status status="PASS" starttime="20220227 19:27:59.062" endtime="20220227 19:28:01.339"/>
</kw>
<kw name="Login With" library="actionsLogin">
<arg>admin@bodytest.com</arg>
<arg>pwd1234</arg>
<kw name="Wait For Elements State" library="Browser">
<arg>//body/div[@id='root']/div[1]/div[1]/div[1]/img[1]</arg>
<arg>visible</arg>
<arg>timeout=30 s</arg>
<tag>PageContent</tag>
<tag>Wait</tag>
<doc>Waits for the element found by ``selector`` to satisfy state option.</doc>
<msg timestamp="20220227 19:28:01.415" level="INFO">Waited for Element with selector //body/div[@id='root']/div[1]/div[1]/div[1]/img[1] at state visible</msg>
<status status="PASS" starttime="20220227 19:28:01.342" endtime="20220227 19:28:01.416"/>
</kw>
<kw name="Fill Text" library="Browser">
<arg>css=input[name=email]</arg>
<arg>${email}</arg>
<tag>PageContent</tag>
<tag>Setter</tag>
<doc>Clears and fills the given ``txt`` into the text field found by ``selector``.</doc>
<msg timestamp="20220227 19:28:01.417" level="INFO">Fills the text 'admin@bodytest.com' in the given field.</msg>
<status status="PASS" starttime="20220227 19:28:01.416" endtime="20220227 19:28:01.489"/>
</kw>
<kw name="Fill Text" library="Browser">
<arg>css=input[name=password]</arg>
<arg>${senha}</arg>
<tag>PageContent</tag>
<tag>Setter</tag>
<doc>Clears and fills the given ``txt`` into the text field found by ``selector``.</doc>
<msg timestamp="20220227 19:28:01.491" level="INFO">Fills the text 'pwd1234' in the given field.</msg>
<status status="PASS" starttime="20220227 19:28:01.490" endtime="20220227 19:28:01.535"/>
</kw>
<kw name="Click" library="Browser">
<arg>text=Entrar</arg>
<tag>PageContent</tag>
<tag>Setter</tag>
<doc>Simulates mouse click on the element found by ``selector``.</doc>
<status status="PASS" starttime="20220227 19:28:01.535" endtime="20220227 19:28:01.659"/>
</kw>
<status status="PASS" starttime="20220227 19:28:01.341" endtime="20220227 19:28:01.660"/>
</kw>
<kw name="Take Screenshot" library="Browser">
<tag>PageContent</tag>
<doc>Takes a screenshot of the current window or element and saves it to disk.</doc>
<msg timestamp="20220227 19:28:02.010" level="INFO" html="true">&lt;/td&gt;&lt;/tr&gt;&lt;tr&gt;&lt;td colspan="3"&gt;&lt;a href="browser/screenshot/robotframework-browser-screenshot-1.png"&gt;&lt;img src="browser/screenshot/robotframework-browser-screenshot-1.png" width="800px"&gt;&lt;/a&gt;</msg>
<status status="PASS" starttime="20220227 19:28:01.661" endtime="20220227 19:28:02.010"/>
</kw>
<kw name="Wait For Elements State" library="Browser">
<arg>css=.Toastify__toast-container &gt;&gt; text=Usuário ou senha inválido</arg>
<arg>visible</arg>
<arg>10</arg>
<tag>PageContent</tag>
<tag>Wait</tag>
<doc>Waits for the element found by ``selector`` to satisfy state option.</doc>
<msg timestamp="20220227 19:28:02.577" level="INFO">Waited for Element with selector css=.Toastify__toast-container &gt;&gt; text=Usuário ou senha inválido at state visible</msg>
<status status="PASS" starttime="20220227 19:28:02.012" endtime="20220227 19:28:02.578"/>
</kw>
<tag>fail</tag>
<status status="PASS" starttime="20220227 19:27:59.035" endtime="20220227 19:28:02.578"/>
</test>
<test id="s1-s1-s1-t2" name="Login com Email Inválido">
<kw name="Go To Login" library="actionsLogin">
<kw name="Go To" library="Browser">
<arg>https://body-test-web-leidiane.herokuapp.com/</arg>
<tag>BrowserControl</tag>
<tag>Setter</tag>
<doc>Navigates to the given ``url``.</doc>
<msg timestamp="20220227 19:28:03.182" level="INFO">Successfully opened URL https://body-test-web-leidiane.herokuapp.com/</msg>
<status status="PASS" starttime="20220227 19:28:02.609" endtime="20220227 19:28:03.183"/>
</kw>
<status status="PASS" starttime="20220227 19:28:02.608" endtime="20220227 19:28:03.183"/>
</kw>
<kw name="Login With" library="actionsLogin">
<arg>admin&amp;bodytest.com</arg>
<arg>pwd123</arg>
<kw name="Wait For Elements State" library="Browser">
<arg>//body/div[@id='root']/div[1]/div[1]/div[1]/img[1]</arg>
<arg>visible</arg>
<arg>timeout=30 s</arg>
<tag>PageContent</tag>
<tag>Wait</tag>
<doc>Waits for the element found by ``selector`` to satisfy state option.</doc>
<msg timestamp="20220227 19:28:03.236" level="INFO">Waited for Element with selector //body/div[@id='root']/div[1]/div[1]/div[1]/img[1] at state visible</msg>
<status status="PASS" starttime="20220227 19:28:03.188" endtime="20220227 19:28:03.236"/>
</kw>
<kw name="Fill Text" library="Browser">
<arg>css=input[name=email]</arg>
<arg>${email}</arg>
<tag>PageContent</tag>
<tag>Setter</tag>
<doc>Clears and fills the given ``txt`` into the text field found by ``selector``.</doc>
<msg timestamp="20220227 19:28:03.238" level="INFO">Fills the text 'admin&amp;bodytest.com' in the given field.</msg>
<status status="PASS" starttime="20220227 19:28:03.237" endtime="20220227 19:28:03.285"/>
</kw>
<kw name="Fill Text" library="Browser">
<arg>css=input[name=password]</arg>
<arg>${senha}</arg>
<tag>PageContent</tag>
<tag>Setter</tag>
<doc>Clears and fills the given ``txt`` into the text field found by ``selector``.</doc>
<msg timestamp="20220227 19:28:03.286" level="INFO">Fills the text 'pwd123' in the given field.</msg>
<status status="PASS" starttime="20220227 19:28:03.285" endtime="20220227 19:28:03.334"/>
</kw>
<kw name="Click" library="Browser">
<arg>text=Entrar</arg>
<tag>PageContent</tag>
<tag>Setter</tag>
<doc>Simulates mouse click on the element found by ``selector``.</doc>
<status status="PASS" starttime="20220227 19:28:03.335" endtime="20220227 19:28:03.417"/>
</kw>
<status status="PASS" starttime="20220227 19:28:03.186" endtime="20220227 19:28:03.418"/>
</kw>
<kw name="Take Screenshot" library="Browser">
<tag>PageContent</tag>
<doc>Takes a screenshot of the current window or element and saves it to disk.</doc>
<msg timestamp="20220227 19:28:03.666" level="INFO" html="true">&lt;/td&gt;&lt;/tr&gt;&lt;tr&gt;&lt;td colspan="3"&gt;&lt;a href="browser/screenshot/robotframework-browser-screenshot-2.png"&gt;&lt;img src="browser/screenshot/robotframework-browser-screenshot-2.png" width="800px"&gt;&lt;/a&gt;</msg>
<status status="PASS" starttime="20220227 19:28:03.419" endtime="20220227 19:28:03.666"/>
</kw>
<kw name="Wait For Elements State" library="Browser">
<arg>css=form span &gt;&gt; text=Informe um e-mail válido</arg>
<arg>visible</arg>
<arg>10</arg>
<tag>PageContent</tag>
<tag>Wait</tag>
<doc>Waits for the element found by ``selector`` to satisfy state option.</doc>
<msg timestamp="20220227 19:28:03.693" level="INFO">Waited for Element with selector css=form span &gt;&gt; text=Informe um e-mail válido at state visible</msg>
<status status="PASS" starttime="20220227 19:28:03.668" endtime="20220227 19:28:03.694"/>
</kw>
<tag>fail</tag>
<status status="PASS" starttime="20220227 19:28:02.595" endtime="20220227 19:28:03.695"/>
</test>
<test id="s1-s1-s1-t3" name="Senha não Informada">
<kw name="Go To Login" library="actionsLogin">
<kw name="Go To" library="Browser">
<arg>https://body-test-web-leidiane.herokuapp.com/</arg>
<tag>BrowserControl</tag>
<tag>Setter</tag>
<doc>Navigates to the given ``url``.</doc>
<msg timestamp="20220227 19:28:04.360" level="INFO">Successfully opened URL https://body-test-web-leidiane.herokuapp.com/</msg>
<status status="PASS" starttime="20220227 19:28:03.725" endtime="20220227 19:28:04.360"/>
</kw>
<status status="PASS" starttime="20220227 19:28:03.723" endtime="20220227 19:28:04.361"/>
</kw>
<kw name="Login With" library="actionsLogin">
<arg>admin&amp;bodytest.com</arg>
<arg>${EMPTY}</arg>
<kw name="Wait For Elements State" library="Browser">
<arg>//body/div[@id='root']/div[1]/div[1]/div[1]/img[1]</arg>
<arg>visible</arg>
<arg>timeout=30 s</arg>
<tag>PageContent</tag>
<tag>Wait</tag>
<doc>Waits for the element found by ``selector`` to satisfy state option.</doc>
<msg timestamp="20220227 19:28:04.412" level="INFO">Waited for Element with selector //body/div[@id='root']/div[1]/div[1]/div[1]/img[1] at state visible</msg>
<status status="PASS" starttime="20220227 19:28:04.367" endtime="20220227 19:28:04.413"/>
</kw>
<kw name="Fill Text" library="Browser">
<arg>css=input[name=email]</arg>
<arg>${email}</arg>
<tag>PageContent</tag>
<tag>Setter</tag>
<doc>Clears and fills the given ``txt`` into the text field found by ``selector``.</doc>
<msg timestamp="20220227 19:28:04.413" level="INFO">Fills the text 'admin&amp;bodytest.com' in the given field.</msg>
<status status="PASS" starttime="20220227 19:28:04.413" endtime="20220227 19:28:04.461"/>
</kw>
<kw name="Fill Text" library="Browser">
<arg>css=input[name=password]</arg>
<arg>${senha}</arg>
<tag>PageContent</tag>
<tag>Setter</tag>
<doc>Clears and fills the given ``txt`` into the text field found by ``selector``.</doc>
<msg timestamp="20220227 19:28:04.463" level="INFO">Fills the text '' in the given field.</msg>
<status status="PASS" starttime="20220227 19:28:04.462" endtime="20220227 19:28:04.507"/>
</kw>
<kw name="Click" library="Browser">
<arg>text=Entrar</arg>
<tag>PageContent</tag>
<tag>Setter</tag>
<doc>Simulates mouse click on the element found by ``selector``.</doc>
<status status="PASS" starttime="20220227 19:28:04.507" endtime="20220227 19:28:04.619"/>
</kw>
<status status="PASS" starttime="20220227 19:28:04.362" endtime="20220227 19:28:04.620"/>
</kw>
<kw name="Take Screenshot" library="Browser">
<tag>PageContent</tag>
<doc>Takes a screenshot of the current window or element and saves it to disk.</doc>
<msg timestamp="20220227 19:28:04.853" level="INFO" html="true">&lt;/td&gt;&lt;/tr&gt;&lt;tr&gt;&lt;td colspan="3"&gt;&lt;a href="browser/screenshot/robotframework-browser-screenshot-3.png"&gt;&lt;img src="browser/screenshot/robotframework-browser-screenshot-3.png" width="800px"&gt;&lt;/a&gt;</msg>
<status status="PASS" starttime="20220227 19:28:04.623" endtime="20220227 19:28:04.853"/>
</kw>
<kw name="Wait For Elements State" library="Browser">
<arg>css=form span &gt;&gt; text=A senha é obrigatória</arg>
<arg>visible</arg>
<arg>10</arg>
<tag>PageContent</tag>
<tag>Wait</tag>
<doc>Waits for the element found by ``selector`` to satisfy state option.</doc>
<msg timestamp="20220227 19:28:04.882" level="INFO">Waited for Element with selector css=form span &gt;&gt; text=A senha é obrigatória at state visible</msg>
<status status="PASS" starttime="20220227 19:28:04.856" endtime="20220227 19:28:04.883"/>
</kw>
<tag>fail</tag>
<status status="PASS" starttime="20220227 19:28:03.710" endtime="20220227 19:28:04.884"/>
</test>
<doc>Funcionalidade: Atividades do menu home page</doc>
<status status="PASS" starttime="20220227 19:27:54.679" endtime="20220227 19:28:04.905"/>
</suite>
<status status="PASS" starttime="20220227 19:27:54.673" endtime="20220227 19:28:05.093"/>
</suite>
<status status="PASS" starttime="20220227 19:27:54.644" endtime="20220227 19:28:05.104"/>
</suite>
<statistics>
<total>
<stat pass="3" fail="0" skip="0">All Tests</stat>
</total>
<tag>
<stat pass="3" fail="0" skip="0">fail</stat>
</tag>
<suite>
<stat pass="3" fail="0" skip="0" id="s1" name="Projeto Robot Qa Ninja">Projeto Robot Qa Ninja</stat>
<stat pass="3" fail="0" skip="0" id="s1-s1" name="Cases">Projeto Robot Qa Ninja.Cases</stat>
<stat pass="3" fail="0" skip="0" id="s1-s1-s1" name="Login">Projeto Robot Qa Ninja.Cases.Login</stat>
</suite>
</statistics>
<errors>
</errors>
</robot>
