<?xml version="1.0" encoding="UTF-8"?>
<robot generator="Robot 4.1.3 (Python 3.10.1 on win32)" generated="20220226 21:06:10.772" rpa="false" schemaversion="2">
<suite id="s1" name="Projeto Robot Qa Ninja" source="C:\workspace\projeto_robot_qa_ninja">
<suite id="s1-s1" name="Cases" source="C:\workspace\projeto_robot_qa_ninja\Cases">
<suite id="s1-s1-s1" name="homePage" source="C:\workspace\projeto_robot_qa_ninja\Cases\homePage.robot">
<test id="s1-s1-s1-t1" name="Abrir a url">
<kw name="Abrir Navegador" library="suit_setup" type="SETUP">
<kw name="Open Browser" library="SeleniumLibrary">
<arg>https://app.feedz.com.br/</arg>
<arg>chrome</arg>
<doc>Opens a new browser instance to the optional ``url``.</doc>
<msg timestamp="20220226 21:06:11.024" level="INFO">Opening browser 'chrome' to base url 'https://app.feedz.com.br/'.</msg>
<status status="PASS" starttime="20220226 21:06:11.023" endtime="20220226 21:06:14.166"/>
</kw>
<kw name="Maximize Browser Window" library="SeleniumLibrary">
<doc>Maximizes current browser window.</doc>
<status status="PASS" starttime="20220226 21:06:14.166" endtime="20220226 21:06:14.288"/>
</kw>
<status status="PASS" starttime="20220226 21:06:11.023" endtime="20220226 21:06:14.288"/>
</kw>
<kw name="Wait Until Element Is Visible" library="SeleniumLibrary">
<arg>//img[@src="/assets/images/logo-degrade.png"]</arg>
<doc>Waits until the element ``locator`` is visible.</doc>
<status status="PASS" starttime="20220226 21:06:14.289" endtime="20220226 21:06:14.337"/>
</kw>
<tag>01</tag>
<status status="PASS" starttime="20220226 21:06:11.022" endtime="20220226 21:06:14.338"/>
</test>
<doc>Funcionalidade: Atividades do menu home page</doc>
<status status="PASS" starttime="20220226 21:06:10.796" endtime="20220226 21:06:14.340"/>
</suite>
<status status="PASS" starttime="20220226 21:06:10.793" endtime="20220226 21:06:14.342"/>
</suite>
<status status="PASS" starttime="20220226 21:06:10.774" endtime="20220226 21:06:14.344"/>
</suite>
<statistics>
<total>
<stat pass="1" fail="0" skip="0">All Tests</stat>
</total>
<tag>
<stat pass="1" fail="0" skip="0">01</stat>
</tag>
<suite>
<stat pass="1" fail="0" skip="0" id="s1" name="Projeto Robot Qa Ninja">Projeto Robot Qa Ninja</stat>
<stat pass="1" fail="0" skip="0" id="s1-s1" name="Cases">Projeto Robot Qa Ninja.Cases</stat>
<stat pass="1" fail="0" skip="0" id="s1-s1-s1" name="homePage">Projeto Robot Qa Ninja.Cases.homePage</stat>
</suite>
</statistics>
<errors>
</errors>
</robot>
