<?xml version="1.0" encoding="UTF-8"?>
<robot generator="Robot 4.1.3 (Python 3.10.1 on win32)" generated="20220301 20:14:24.305" rpa="false" schemaversion="2">
<suite id="s1" name="Projeto Robot Qa Ninja" source="C:\workspace\projeto_robot_qa_ninja">
<suite id="s1-s1" name="Cases" source="C:\workspace\projeto_robot_qa_ninja\cases">
<suite id="s1-s1-s1" name="Aluno" source="C:\workspace\projeto_robot_qa_ninja\cases\aluno.robot">
<kw name="Open Browser" library="base" type="SETUP">
<kw name="New Browser" library="Browser">
<arg>chromium</arg>
<arg>false</arg>
<tag>BrowserControl</tag>
<tag>Setter</tag>
<doc>Create a new playwright Browser with specified options.</doc>
<msg timestamp="20220301 20:14:25.743" level="INFO">{"browser": "chromium", "headless": false, "handleSIGINT": true, "handleSIGTERM": true, "handleSIGHUP": true, "timeout": 30000.0, "devtools": false, "slowMo": 0.0, "tracesDir": "C:\\workspace\\projeto_robot_qa_ninja\\results\\browser\\traces\\67bc92af-4640-4baf-84b4-b2b142475c96"}</msg>
<msg timestamp="20220301 20:14:26.802" level="INFO">Successfully created browser with options: {"browser":"chromium","headless":false,"handleSIGINT":true,"handleSIGTERM":true,"handleSIGHUP":true,"timeout":30000,"devtools":false,"slowMo":0,"tracesDir":"C:\\workspace\\projeto_robot_qa_ninja\\results\\browser\\traces\\67bc92af-4640-4baf-84b4-b2b142475c96"}</msg>
<status status="PASS" starttime="20220301 20:14:25.742" endtime="20220301 20:14:26.803"/>
</kw>
<kw name="New Page" library="Browser">
<arg>about:blank</arg>
<tag>BrowserControl</tag>
<tag>Setter</tag>
<doc>Open a new Page.</doc>
<msg timestamp="20220301 20:14:27.158" level="INFO">Successfully initialized new page object and opened url: about:blank</msg>
<msg timestamp="20220301 20:14:27.159" level="INFO">No context was open. New context was automatically opened when this page is created.</msg>
<status status="PASS" starttime="20220301 20:14:26.803" endtime="20220301 20:14:27.162"/>
</kw>
<status status="PASS" starttime="20220301 20:14:25.741" endtime="20220301 20:14:27.164"/>
</kw>
<test id="s1-s1-s1-t1" name="Validação menor de idade">
<kw name="Go To Login" library="base" type="SETUP">
<kw name="Go To" library="Browser">
<arg>https://body-test-web-leidiane.herokuapp.com/</arg>
<tag>BrowserControl</tag>
<tag>Setter</tag>
<doc>Navigates to the given ``url``.</doc>
<msg timestamp="20220301 20:14:29.045" level="INFO">Successfully opened URL https://body-test-web-leidiane.herokuapp.com/</msg>
<status status="PASS" starttime="20220301 20:14:27.194" endtime="20220301 20:14:29.046"/>
</kw>
<status status="PASS" starttime="20220301 20:14:27.193" endtime="20220301 20:14:29.048"/>
</kw>
<kw name="Create Dictionary" library="BuiltIn">
<var>&amp;{student}</var>
<arg>name=Thiago de Jesus</arg>
<arg>email=thiago@hotmail.com</arg>
<arg>age=13</arg>
<arg>weight=80</arg>
<arg>feet_tall=1.78</arg>
<doc>Creates and returns a dictionary based on the given ``items``.</doc>
<msg timestamp="20220301 20:14:29.052" level="INFO">&amp;{student} = { name=Thiago de Jesus | email=thiago@hotmail.com | age=13 | weight=80 | feet_tall=1.78 }</msg>
<status status="PASS" starttime="20220301 20:14:29.051" endtime="20220301 20:14:29.052"/>
</kw>
<kw name="Remove Student" library="DeloreanLibrary">
<arg>${student.email}</arg>
<msg timestamp="20220301 20:14:29.054" level="INFO">DELETE FROM students where email='thiago@hotmail.com'</msg>
<status status="PASS" starttime="20220301 20:14:29.053" endtime="20220301 20:14:30.232"/>
</kw>
<kw name="Create student" library="actionsAlunos">
<arg>${student}</arg>
<kw name="Login With" library="actionsLogin">
<arg>admin@bodytest.com</arg>
<arg>pwd123</arg>
<kw name="Wait For Elements State" library="Browser">
<arg>//body/div[@id='root']/div[1]/div[1]/div[1]/img[1]</arg>
<arg>visible</arg>
<arg>30</arg>
<tag>PageContent</tag>
<tag>Wait</tag>
<doc>Waits for the element found by ``selector`` to satisfy state option.</doc>
<msg timestamp="20220301 20:14:30.272" level="INFO">Waited for Element with selector //body/div[@id='root']/div[1]/div[1]/div[1]/img[1] at state visible</msg>
<status status="PASS" starttime="20220301 20:14:30.237" endtime="20220301 20:14:30.272"/>
</kw>
<kw name="Fill Text" library="Browser">
<arg>css=input[name=email]</arg>
<arg>${email}</arg>
<tag>PageContent</tag>
<tag>Setter</tag>
<doc>Clears and fills the given ``txt`` into the text field found by ``selector``.</doc>
<msg timestamp="20220301 20:14:30.273" level="INFO">Fills the text 'admin@bodytest.com' in the given field.</msg>
<status status="PASS" starttime="20220301 20:14:30.272" endtime="20220301 20:14:30.306"/>
</kw>
<kw name="Fill Text" library="Browser">
<arg>css=input[name=password]</arg>
<arg>${senha}</arg>
<tag>PageContent</tag>
<tag>Setter</tag>
<doc>Clears and fills the given ``txt`` into the text field found by ``selector``.</doc>
<msg timestamp="20220301 20:14:30.306" level="INFO">Fills the text 'pwd123' in the given field.</msg>
<status status="PASS" starttime="20220301 20:14:30.306" endtime="20220301 20:14:30.331"/>
</kw>
<kw name="Click" library="Browser">
<arg>text=Entrar</arg>
<tag>PageContent</tag>
<tag>Setter</tag>
<doc>Simulates mouse click on the element found by ``selector``.</doc>
<status status="PASS" starttime="20220301 20:14:30.333" endtime="20220301 20:14:30.387"/>
</kw>
<status status="PASS" starttime="20220301 20:14:30.235" endtime="20220301 20:14:30.387"/>
</kw>
<kw name="Get Text" library="Browser">
<arg>css=aside strong</arg>
<arg>should be</arg>
<arg>Administrador</arg>
<tag>Assertion</tag>
<tag>Getter</tag>
<tag>PageContent</tag>
<doc>Returns text attribute of the element found by ``selector``.</doc>
<status status="PASS" starttime="20220301 20:14:30.387" endtime="20220301 20:14:31.208"/>
</kw>
<kw name="Click" library="Browser">
<arg>css=a[href="/alunos"]</arg>
<tag>PageContent</tag>
<tag>Setter</tag>
<doc>Simulates mouse click on the element found by ``selector``.</doc>
<status status="PASS" starttime="20220301 20:14:31.209" endtime="20220301 20:14:31.287"/>
</kw>
<kw name="Wait For Elements State" library="Browser">
<arg>css=h1 &gt;&gt; text= Gestão de Alunos</arg>
<arg>visible</arg>
<arg>6</arg>
<tag>PageContent</tag>
<tag>Wait</tag>
<doc>Waits for the element found by ``selector`` to satisfy state option.</doc>
<msg timestamp="20220301 20:14:31.300" level="INFO">Waited for Element with selector css=h1 &gt;&gt; text= Gestão de Alunos at state visible</msg>
<status status="PASS" starttime="20220301 20:14:31.287" endtime="20220301 20:14:31.301"/>
</kw>
<kw name="Click" library="Browser">
<arg>css=a[href="/alunos/new"]</arg>
<tag>PageContent</tag>
<tag>Setter</tag>
<doc>Simulates mouse click on the element found by ``selector``.</doc>
<status status="PASS" starttime="20220301 20:14:31.301" endtime="20220301 20:14:31.378"/>
</kw>
<kw name="Wait For Elements State" library="Browser">
<arg>css=h1 &gt;&gt; text= Novo aluno</arg>
<arg>visible</arg>
<arg>6</arg>
<tag>PageContent</tag>
<tag>Wait</tag>
<doc>Waits for the element found by ``selector`` to satisfy state option.</doc>
<msg timestamp="20220301 20:14:31.389" level="INFO">Waited for Element with selector css=h1 &gt;&gt; text= Novo aluno at state visible</msg>
<status status="PASS" starttime="20220301 20:14:31.379" endtime="20220301 20:14:31.389"/>
</kw>
<kw name="Fill Text" library="Browser">
<arg>css=input[name=name]</arg>
<arg>${student.name}</arg>
<tag>PageContent</tag>
<tag>Setter</tag>
<doc>Clears and fills the given ``txt`` into the text field found by ``selector``.</doc>
<msg timestamp="20220301 20:14:31.390" level="INFO">Fills the text 'Thiago de Jesus' in the given field.</msg>
<status status="PASS" starttime="20220301 20:14:31.389" endtime="20220301 20:14:31.413"/>
</kw>
<kw name="Fill Text" library="Browser">
<arg>css=input[name=email]</arg>
<arg>${student.email}</arg>
<tag>PageContent</tag>
<tag>Setter</tag>
<doc>Clears and fills the given ``txt`` into the text field found by ``selector``.</doc>
<msg timestamp="20220301 20:14:31.415" level="INFO">Fills the text 'thiago@hotmail.com' in the given field.</msg>
<status status="PASS" starttime="20220301 20:14:31.414" endtime="20220301 20:14:31.433"/>
</kw>
<kw name="Fill Text" library="Browser">
<arg>css=input[name=age]</arg>
<arg>${student.age}</arg>
<tag>PageContent</tag>
<tag>Setter</tag>
<doc>Clears and fills the given ``txt`` into the text field found by ``selector``.</doc>
<msg timestamp="20220301 20:14:31.435" level="INFO">Fills the text '13' in the given field.</msg>
<status status="PASS" starttime="20220301 20:14:31.433" endtime="20220301 20:14:31.464"/>
</kw>
<kw name="Fill Text" library="Browser">
<arg>css=input[name=weight]</arg>
<arg>${student.weight}</arg>
<tag>PageContent</tag>
<tag>Setter</tag>
<doc>Clears and fills the given ``txt`` into the text field found by ``selector``.</doc>
<msg timestamp="20220301 20:14:31.466" level="INFO">Fills the text '80' in the given field.</msg>
<status status="PASS" starttime="20220301 20:14:31.464" endtime="20220301 20:14:31.486"/>
</kw>
<kw name="Fill Text" library="Browser">
<arg>css=input[name=feet_tall]</arg>
<arg>${student.feet_tall}</arg>
<tag>PageContent</tag>
<tag>Setter</tag>
<doc>Clears and fills the given ``txt`` into the text field found by ``selector``.</doc>
<msg timestamp="20220301 20:14:31.488" level="INFO">Fills the text '1.78' in the given field.</msg>
<status status="PASS" starttime="20220301 20:14:31.487" endtime="20220301 20:14:31.508"/>
</kw>
<kw name="Submit student form" library="actionsAlunos">
<kw name="Click" library="Browser">
<arg>css=button[type=submit]</arg>
<tag>PageContent</tag>
<tag>Setter</tag>
<doc>Simulates mouse click on the element found by ``selector``.</doc>
<status status="PASS" starttime="20220301 20:14:31.508" endtime="20220301 20:14:31.570"/>
</kw>
<status status="PASS" starttime="20220301 20:14:31.508" endtime="20220301 20:14:31.571"/>
</kw>
<status status="PASS" starttime="20220301 20:14:30.233" endtime="20220301 20:14:31.571"/>
</kw>
<kw name="Wait For Elements State" library="Browser">
<arg>text=A idade deve ser maior ou igual 14 anos</arg>
<arg>visible</arg>
<arg>6</arg>
<tag>PageContent</tag>
<tag>Wait</tag>
<doc>Waits for the element found by ``selector`` to satisfy state option.</doc>
<msg timestamp="20220301 20:14:31.586" level="INFO">Waited for Element with selector text=A idade deve ser maior ou igual 14 anos at state visible</msg>
<status status="PASS" starttime="20220301 20:14:31.572" endtime="20220301 20:14:31.587"/>
</kw>
<kw name="Take Screenshot" library="Browser" type="TEARDOWN">
<tag>PageContent</tag>
<doc>Takes a screenshot of the current window or element and saves it to disk.</doc>
<msg timestamp="20220301 20:14:31.739" level="INFO" html="true">&lt;/td&gt;&lt;/tr&gt;&lt;tr&gt;&lt;td colspan="3"&gt;&lt;a href="browser/screenshot/robotframework-browser-screenshot-1.png"&gt;&lt;img src="browser/screenshot/robotframework-browser-screenshot-1.png" width="800px"&gt;&lt;/a&gt;</msg>
<status status="PASS" starttime="20220301 20:14:31.587" endtime="20220301 20:14:31.740"/>
</kw>
<status status="PASS" starttime="20220301 20:14:27.165" endtime="20220301 20:14:31.741"/>
</test>
<doc>Cadastro de Aluno</doc>
<status status="PASS" starttime="20220301 20:14:24.348" endtime="20220301 20:14:31.752"/>
</suite>
<status status="PASS" starttime="20220301 20:14:24.342" endtime="20220301 20:14:31.876"/>
</suite>
<status status="PASS" starttime="20220301 20:14:24.311" endtime="20220301 20:14:31.886"/>
</suite>
<statistics>
<total>
<stat pass="1" fail="0" skip="0">All Tests</stat>
</total>
<tag>
</tag>
<suite>
<stat pass="1" fail="0" skip="0" id="s1" name="Projeto Robot Qa Ninja">Projeto Robot Qa Ninja</stat>
<stat pass="1" fail="0" skip="0" id="s1-s1" name="Cases">Projeto Robot Qa Ninja.Cases</stat>
<stat pass="1" fail="0" skip="0" id="s1-s1-s1" name="Aluno">Projeto Robot Qa Ninja.Cases.Aluno</stat>
</suite>
</statistics>
<errors>
</errors>
</robot>
